<?xml version="1.0" encoding="UTF-8"?>
<coverage generated="1683168149038" clover="3.2.0">
  <project timestamp="1683168149038" name="All files">
    <metrics statements="10" coveredstatements="4" conditionals="8" coveredconditionals="1" methods="1" coveredmethods="1" elements="19" coveredelements="6" complexity="0" loc="10" ncloc="10" packages="1" files="1" classes="1"/>
    <file name="index.js" path="/Users/julianamorroni/Documents/Cursos 2023/XP-remove-first-and-last-character/src/index.js">
      <metrics statements="10" coveredstatements="4" conditionals="8" coveredconditionals="1" methods="1" coveredmethods="1"/>
      <line num="3" count="3" type="stmt"/>
      <line num="5" count="3" type="cond" truecount="1" falsecount="1"/>
      <line num="6" count="3" type="stmt"/>
      <line num="7" count="0" type="cond" truecount="0" falsecount="2"/>
      <line num="8" count="0" type="stmt"/>
      <line num="9" count="0" type="stmt"/>
      <line num="10" count="0" type="cond" truecount="0" falsecount="2"/>
      <line num="11" count="0" type="cond" truecount="0" falsecount="2"/>
      <line num="12" count="0" type="stmt"/>
      <line num="18" count="1" type="stmt"/>
    </file>
  </project>
</coverage>
