{"/Users/julianamorroni/Documents/Cursos 2023/XP-remove-first-and-last-character/src/index.js": {"path":"/Users/julianamorroni/Documents/Cursos 2023/XP-remove-first-and-last-character/src/index.js","statementMap":{"0":{"start":{"line":3,"column":15},"end":{"line":3,"column":23}},"1":{"start":{"line":5,"column":4},"end":{"line":13,"column":5}},"2":{"start":{"line":6,"column":8},"end":{"line":6,"column":20}},"3":{"start":{"line":7,"column":11},"end":{"line":13,"column":5}},"4":{"start":{"line":8,"column":8},"end":{"line":8,"column":28}},"5":{"start":{"line":9,"column":8},"end":{"line":9,"column":20}},"6":{"start":{"line":10,"column":11},"end":{"line":13,"column":5}},"7":{"start":{"line":11,"column":8},"end":{"line":11,"column":66}},"8":{"start":{"line":12,"column":8},"end":{"line":12,"column":20}},"9":{"start":{"line":18,"column":0},"end":{"line":20,"column":1}}},"fnMap":{"0":{"name":"removeFirstAndLast","decl":{"start":{"line":1,"column":9},"end":{"line":1,"column":27}},"loc":{"start":{"line":1,"column":31},"end":{"line":16,"column":1}},"line":1}},"branchMap":{"0":{"loc":{"start":{"line":5,"column":4},"end":{"line":13,"column":5}},"type":"if","locations":[{"start":{"line":5,"column":4},"end":{"line":13,"column":5}},{"start":{"line":7,"column":11},"end":{"line":13,"column":5}}],"line":5},"1":{"loc":{"start":{"line":7,"column":11},"end":{"line":13,"column":5}},"type":"if","locations":[{"start":{"line":7,"column":11},"end":{"line":13,"column":5}},{"start":{"line":10,"column":11},"end":{"line":13,"column":5}}],"line":7},"2":{"loc":{"start":{"line":10,"column":11},"end":{"line":13,"column":5}},"type":"if","locations":[{"start":{"line":10,"column":11},"end":{"line":13,"column":5}},{"start":{},"end":{}}],"line":10},"3":{"loc":{"start":{"line":11,"column":16},"end":{"line":11,"column":65}},"type":"binary-expr","locations":[{"start":{"line":11,"column":16},"end":{"line":11,"column":29}},{"start":{"line":11,"column":34},"end":{"line":11,"column":64}}],"line":11}},"s":{"0":3,"1":3,"2":3,"3":0,"4":0,"5":0,"6":0,"7":0,"8":0,"9":1},"f":{"0":3},"b":{"0":[3,0],"1":[0,0],"2":[0,0],"3":[0,0]},"_coverageSchema":"1a1c01bbd47fc00a2c39e90264f33305004495a9","hash":"52f22d66264721b19537770396171de36ea4e946"}
}
